#####################################################################
#####################################################################
#########################
Adding user to docker group
User added to docker group successfully!
#########################
Installing Docker and Dependencies...
Docker and Dependencies installed successfully!
#########################
Restarting docker service...
Docker service restarted successfully!
#########################
Loading ManPack Docker image
Loaded image: pnt/manpack:latest
REPOSITORY    TAG       IMAGE ID       CREATED          SIZE
pnt/manpack   latest    bfd375c57b79   47 minutes ago   4.46GB
Docker image loaded successfully!
#########################
Installing ManPack Launch System and Dependencies...
ManPack Launch System and Dependencies installed successfully!
#########################
System Will Reboot now in 5 seconds
#####################################################################
#####################################################################
